<?xml version="1.0" encoding="UTF-8"?>
<testsuite name="page.se3.serial.SerialCompilerTest$PrimitiveParsingTests$BooleanTypes" tests="2" skipped="0" failures="0" errors="0" timestamp="2026-03-14T19:17:07.818Z" hostname="DESKTOP-LEINKP5" time="0.008">
  <properties/>
  <testcase name="booleanFalseParsing()" classname="page.se3.serial.SerialCompilerTest$PrimitiveParsingTests$BooleanTypes" time="0.003"/>
  <testcase name="booleanTrueParsing()" classname="page.se3.serial.SerialCompilerTest$PrimitiveParsingTests$BooleanTypes" time="0.004"/>
  <system-out><![CDATA[]]></system-out>
  <system-err><![CDATA[]]></system-err>
</testsuite>
