<?xml version="1.0" encoding="UTF-8"?>
<testsuite name="page.se3.serial.SerialCompilerTest$Serialization" tests="7" skipped="0" failures="0" errors="0" timestamp="2026-03-14T19:17:07.313Z" hostname="DESKTOP-LEINKP5" time="0.22">
  <properties/>
  <testcase name="addedNewFieldsAndChangedOrder()" classname="page.se3.serial.SerialCompilerTest$Serialization" time="0.008"/>
  <testcase name="shrinkingArrays()" classname="page.se3.serial.SerialCompilerTest$Serialization" time="0.006"/>
  <testcase name="ignoringDeletedFields()" classname="page.se3.serial.SerialCompilerTest$Serialization" time="0.004"/>
  <testcase name="extremeEvolutionTest()" classname="page.se3.serial.SerialCompilerTest$Serialization" time="0.005"/>
  <testcase name="expandingArrays()" classname="page.se3.serial.SerialCompilerTest$Serialization" time="0.004"/>
  <testcase name="allPrimitivesAndArrays()" classname="page.se3.serial.SerialCompilerTest$Serialization" time="0.006"/>
  <testcase name="highlyNestedStruct()" classname="page.se3.serial.SerialCompilerTest$Serialization" time="0.184"/>
  <system-out><![CDATA[]]></system-out>
  <system-err><![CDATA[]]></system-err>
</testsuite>
