<?xml version="1.0" encoding="UTF-8"?>
<testsuite name="page.se3.serial.SerialCompilerTest$BasicOperations" tests="5" skipped="0" failures="0" errors="0" timestamp="2026-03-14T19:17:07.957Z" hostname="DESKTOP-LEINKP5" time="0.013">
  <properties/>
  <testcase name="shouldSupportInheritance()" classname="page.se3.serial.SerialCompilerTest$BasicOperations" time="0.003"/>
  <testcase name="shouldInitializeVariablesWithLet()" classname="page.se3.serial.SerialCompilerTest$BasicOperations" time="0.001"/>
  <testcase name="shouldSupportDefDefineMacros()" classname="page.se3.serial.SerialCompilerTest$BasicOperations" time="0.002"/>
  <testcase name="shouldHandleDeeplyNestedObjects()" classname="page.se3.serial.SerialCompilerTest$BasicOperations" time="0.002"/>
  <testcase name="shouldModifyValuesWithSet()" classname="page.se3.serial.SerialCompilerTest$BasicOperations" time="0.002"/>
  <system-out><![CDATA[]]></system-out>
  <system-err><![CDATA[]]></system-err>
</testsuite>
