<?xml version="1.0" encoding="UTF-8"?>
<testsuite name="page.se3.serial.SerialCompilerTest$OtherAssumptions" tests="5" skipped="0" failures="0" errors="0" timestamp="2026-03-14T19:17:07.644Z" hostname="DESKTOP-LEINKP5" time="0.028">
  <properties/>
  <testcase name="emptyRecordAlwaysExists()" classname="page.se3.serial.SerialCompilerTest$OtherAssumptions" time="0.0"/>
  <testcase name="removesCommentsBeforeCompilation()" classname="page.se3.serial.SerialCompilerTest$OtherAssumptions" time="0.003"/>
  <testcase name="handlesMultipleWhitespace()" classname="page.se3.serial.SerialCompilerTest$OtherAssumptions" time="0.002"/>
  <testcase name="parsesStringsCorrectly()" classname="page.se3.serial.SerialCompilerTest$OtherAssumptions" time="0.019"/>
  <testcase name="detectsErrorLineCorrectly()" classname="page.se3.serial.SerialCompilerTest$OtherAssumptions" time="0.001"/>
  <system-out><![CDATA[]]></system-out>
  <system-err><![CDATA[]]></system-err>
</testsuite>
