<?xml version="1.0" encoding="UTF-8"?>
<testsuite name="page.se3.serial.SerialCompilerTest$Compression" tests="3" skipped="0" failures="0" errors="0" timestamp="2026-03-14T19:17:06.547Z" hostname="DESKTOP-LEINKP5" time="0.764">
  <properties/>
  <testcase name="compressionWorks()" classname="page.se3.serial.SerialCompilerTest$Compression" time="0.405"/>
  <testcase name="shouldBeImmuneToNullsInCompression()" classname="page.se3.serial.SerialCompilerTest$Compression" time="0.204"/>
  <testcase name="shouldBeImmuneToNullsInDecompression()" classname="page.se3.serial.SerialCompilerTest$Compression" time="0.153"/>
  <system-out><![CDATA[]]></system-out>
  <system-err><![CDATA[]]></system-err>
</testsuite>
