<?xml version="1.0" encoding="UTF-8"?>
<testsuite name="page.se3.serial.SerialCompilerTest$ApiTests$ResetOperations" tests="5" skipped="0" failures="0" errors="0" timestamp="2026-03-14T19:17:07.602Z" hostname="DESKTOP-LEINKP5" time="0.04">
  <properties/>
  <testcase name="resetArray()" classname="page.se3.serial.SerialCompilerTest$ApiTests$ResetOperations" time="0.008"/>
  <testcase name="resetValue()" classname="page.se3.serial.SerialCompilerTest$ApiTests$ResetOperations" time="0.007"/>
  <testcase name="resetTreeOnWholeBranch()" classname="page.se3.serial.SerialCompilerTest$ApiTests$ResetOperations" time="0.006"/>
  <testcase name="resetTreeOnSingleNestedRecord()" classname="page.se3.serial.SerialCompilerTest$ApiTests$ResetOperations" time="0.008"/>
  <testcase name="resetEmptyOrWrongPath()" classname="page.se3.serial.SerialCompilerTest$ApiTests$ResetOperations" time="0.007"/>
  <system-out><![CDATA[]]></system-out>
  <system-err><![CDATA[]]></system-err>
</testsuite>
