<?xml version="1.0" encoding="UTF-8"?>
<testsuite name="page.se3.serial.SerialCompilerTest$Compression" tests="3" skipped="0" failures="0" errors="0" timestamp="2026-03-14T17:49:58.896Z" hostname="DESKTOP-LEINKP5" time="0.759">
  <properties/>
  <testcase name="compressionWorks()" classname="page.se3.serial.SerialCompilerTest$Compression" time="0.421"/>
  <testcase name="shouldBeImmuneToNullsInCompression()" classname="page.se3.serial.SerialCompilerTest$Compression" time="0.189"/>
  <testcase name="shouldBeImmuneToNullsInDecompression()" classname="page.se3.serial.SerialCompilerTest$Compression" time="0.148"/>
  <system-out><![CDATA[]]></system-out>
  <system-err><![CDATA[]]></system-err>
</testsuite>
